<?xml version="1.0" encoding="UTF-8"?>
<testsuite xmlns:xsi="http://www.w3.org/2001/XMLSchema-instance" xsi:noNamespaceSchemaLocation="https://maven.apache.org/surefire/maven-surefire-plugin/xsd/surefire-test-report-3.0.xsd" version="3.0" name="com.example.Fleet.Management.API.repository.TaxiRepositoryTest" time="6.341" tests="3" errors="0" skipped="0" failures="0">
  <properties>
[...]
</properties>
  <testcase name="testSaveTaxi" classname="com.example.Fleet.Management.API.repository.TaxiRepositoryTest" time="0.998">
    <system-out><![CDATA[2024-10-31T00:02:43.787-05:00  INFO 20180 --- [           main] t.c.s.AnnotationConfigContextLoaderUtils : Could not detect default configuration classes for test class [com.example.Fleet.Management.API.repository.TaxiRepositoryTest]: TaxiRepositoryTest does not declare any static, non-private, non-final, nested classes annotated with @Configuration.
2024-10-31T00:02:43.841-05:00  INFO 20180 --- [           main] .b.t.c.SpringBootTestContextBootstrapper : Found @SpringBootConfiguration com.example.Fleet.Management.API.FleetManagementApiApplication for test class com.example.Fleet.Management.API.repository.TaxiRepositoryTest

  .   ____          _            __ _ _
 /\\ / ___'_ __ _ _(_)_ __  __ _ \ \ \ \
( ( )\___ | '_ | '_| | '_ \/ _` | \ \ \ \
 \\/  ___)| |_)| | | | | || (_| |  ) ) ) )
  '  |____| .__|_| |_|_| |_\__, | / / / /
 =========|_|==============|___/=/_/_/_/

 :: Spring Boot ::                (v3.3.2)

2024-10-31T00:02:43.889-05:00  INFO 20180 --- [           main] c.e.F.M.A.repository.TaxiRepositoryTest  : Starting TaxiRepositoryTest using Java 21.0.4 with PID 20180 (started by Karen Melanie in E:\LABORATORIA\Proyectos JAVA\Fleet-Management-API)
2024-10-31T00:02:43.889-05:00  INFO 20180 --- [           main] c.e.F.M.A.repository.TaxiRepositoryTest  : No active profile set, falling back to 1 default profile: "default"
2024-10-31T00:02:43.993-05:00  INFO 20180 --- [           main] .s.d.r.c.RepositoryConfigurationDelegate : Bootstrapping Spring Data JPA repositories in DEFAULT mode.
2024-10-31T00:02:44.015-05:00  INFO 20180 --- [           main] .s.d.r.c.RepositoryConfigurationDelegate : Finished Spring Data repository scanning in 21 ms. Found 3 JPA repository interfaces.
2024-10-31T00:02:44.101-05:00  INFO 20180 --- [           main] o.hibernate.jpa.internal.util.LogHelper  : HHH000204: Processing PersistenceUnitInfo [name: default]
2024-10-31T00:02:44.106-05:00  INFO 20180 --- [           main] o.h.c.internal.RegionFactoryInitiator    : HHH000026: Second-level cache disabled
2024-10-31T00:02:44.123-05:00  INFO 20180 --- [           main] o.s.o.j.p.SpringPersistenceUnitInfo      : No LoadTimeWeaver setup: ignoring JPA class transformer
2024-10-31T00:02:44.124-05:00  INFO 20180 --- [           main] com.zaxxer.hikari.HikariDataSource       : HikariPool-2 - Starting...
2024-10-31T00:02:45.493-05:00  INFO 20180 --- [           main] com.zaxxer.hikari.pool.HikariPool        : HikariPool-2 - Added connection org.postgresql.jdbc.PgConnection@38d583cd
2024-10-31T00:02:45.494-05:00  INFO 20180 --- [           main] com.zaxxer.hikari.HikariDataSource       : HikariPool-2 - Start completed.
2024-10-31T00:02:45.623-05:00  WARN 20180 --- [           main] org.hibernate.orm.deprecation            : HHH90000025: PostgreSQLDialect does not need to be specified explicitly using 'hibernate.dialect' (remove the property setting and it will be selected by default)
2024-10-31T00:02:47.284-05:00  INFO 20180 --- [           main] j.LocalContainerEntityManagerFactoryBean : Initialized JPA EntityManagerFactory for persistence unit 'default'
2024-10-31T00:02:47.380-05:00  INFO 20180 --- [           main] c.e.F.M.A.repository.TaxiRepositoryTest  : Started TaxiRepositoryTest in 3.533 seconds (process running for 15.878)
Hibernate: 
    insert 
    into
        taxis
        (plate) 
    values
        (?) 
    returning id
Hibernate: 
    insert 
    into
        taxis
        (plate) 
    values
        (?) 
    returning id
Hibernate: 
    select
        count(*) 
    from
        taxis t1_0
Hibernate: 
    insert 
    into
        taxis
        (plate) 
    values
        (?) 
    returning id
Hibernate: 
    select
        count(*) 
    from
        taxis t1_0
]]></system-out>
  </testcase>
  <testcase name="testFindByPlate" classname="com.example.Fleet.Management.API.repository.TaxiRepositoryTest" time="0.628">
    <system-out><![CDATA[Hibernate: 
    insert 
    into
        taxis
        (plate) 
    values
        (?) 
    returning id
Hibernate: 
    insert 
    into
        taxis
        (plate) 
    values
        (?) 
    returning id
Hibernate: 
    select
        t1_0.id,
        t1_0.plate 
    from
        taxis t1_0 
    where
        t1_0.plate like ? escape '\' 
    fetch
        first ? rows only
]]></system-out>
  </testcase>
  <testcase name="testDeleteTaxi" classname="com.example.Fleet.Management.API.repository.TaxiRepositoryTest" time="1.102">
    <system-out><![CDATA[Hibernate: 
    insert 
    into
        taxis
        (plate) 
    values
        (?) 
    returning id
Hibernate: 
    insert 
    into
        taxis
        (plate) 
    values
        (?) 
    returning id
Hibernate: 
    select
        t1_0.id,
        t1_0.plate 
    from
        taxis t1_0 
    where
        t1_0.plate like ? escape '\' 
    fetch
        first ? rows only
Hibernate: 
    select
        count(t1_0.id) 
    from
        taxis t1_0 
    where
        t1_0.plate like ? escape '\'
Hibernate: 
    select
        count(*) 
    from
        taxis t1_0
Hibernate: 
    delete 
    from
        taxis 
    where
        id=?
Hibernate: 
    select
        count(*) 
    from
        taxis t1_0
]]></system-out>
  </testcase>
</testsuite>